{"name": "test_create_issue[create_issue.json-201]", "status": "failed", "statusDetails": {"message": "AssertionError: assert 201 == 403\n +  where 403 = <Response [403]>.status_code\n +    where <Response [403]> = <function request at 0x047E3FA8>('POST', ('http://jira.hillel.it:8080/rest/api/2/' + 'issue/'), data=<_io.BufferedReader name='json/create_issue.json'>, headers={'Authorization': 'Basic RGltYV9IaW1lbmVzOkRpbWFfSGltZW5lcw==', 'Content-Type': 'application/json'})\n +      where <function request at 0x047E3FA8> = requests.request\n +      and   <_io.BufferedReader name='json/create_issue.json'> = <bound method JsonObj.read_json of <tests.utils.json_objs.JsonObj object at 0x04E5FDD0>>()\n +        where <bound method JsonObj.read_json of <tests.utils.json_objs.JsonObj object at 0x04E5FDD0>> = <tests.utils.json_objs.JsonObj object at 0x04E5FDD0>.read_json\n +          where <tests.utils.json_objs.JsonObj object at 0x04E5FDD0> = JsonObj('create_issue.json')", "trace": "file_name = 'create_issue.json', res = 201\n\n    @pytest.mark.parametrize(\"file_name,res\", [\n        (\"create_issue.json\", 201),\n        (\"create_issue_long_text.json\", 400),\n        (\"create_issue_missing_field.json\", 400),\n    ])\n    def test_create_issue(file_name, res):\n>       assert res == requests.request(\"POST\", global_url + 'issue/', data=JsonObj(file_name).read_json(),\n                                       headers=global_headers).status_code\nE       AssertionError: assert 201 == 403\nE        +  where 403 = <Response [403]>.status_code\nE        +    where <Response [403]> = <function request at 0x047E3FA8>('POST', ('http://jira.hillel.it:8080/rest/api/2/' + 'issue/'), data=<_io.BufferedReader name='json/create_issue.json'>, headers={'Authorization': 'Basic RGltYV9IaW1lbmVzOkRpbWFfSGltZW5lcw==', 'Content-Type': 'application/json'})\nE        +      where <function request at 0x047E3FA8> = requests.request\nE        +      and   <_io.BufferedReader name='json/create_issue.json'> = <bound method JsonObj.read_json of <tests.utils.json_objs.JsonObj object at 0x04E5FDD0>>()\nE        +        where <bound method JsonObj.read_json of <tests.utils.json_objs.JsonObj object at 0x04E5FDD0>> = <tests.utils.json_objs.JsonObj object at 0x04E5FDD0>.read_json\nE        +          where <tests.utils.json_objs.JsonObj object at 0x04E5FDD0> = JsonObj('create_issue.json')\n\ntests\\test_api.py:27: AssertionError"}, "parameters": [{"name": "file_name", "value": "'create_issue.json'"}, {"name": "res", "value": "201"}], "start": 1535632425663, "stop": 1535632425950, "uuid": "2acea2b1-3184-4376-83ce-f1556cf95476", "historyId": "8f48b724a3332f8471d8c1b7e66220f2", "fullName": "tests.test_api#test_create_issue[create_issue.json-201]", "labels": [{"name": "parentSuite", "value": "tests"}, {"name": "suite", "value": "test_api"}, {"name": "host", "value": "lvl1302006"}, {"name": "thread", "value": "23620-MainThread"}, {"name": "framework", "value": "pytest"}, {"name": "language", "value": "cpython3"}, {"name": "package", "value": "tests.test_api"}]}